CRITICAL - 2022-12-16 20:54:52 --> Invalid file: transaksi/index.php
in SYSTEMPATH\Exceptions\FrameworkException.php on line 33.
 1 SYSTEMPATH\View\View.php(201): CodeIgniter\Exceptions\FrameworkException::forInvalidFile('transaksi/index.php')
 2 SYSTEMPATH\Common.php(1134): CodeIgniter\View\View->render('transaksi/index', [], true)
 3 APPPATH\Controllers\Transaksi.php(28): view('transaksi/index', [...])
 4 SYSTEMPATH\CodeIgniter.php(927): App\Controllers\Transaksi->index()
 5 SYSTEMPATH\CodeIgniter.php(482): CodeIgniter\CodeIgniter->runController(Object(App\Controllers\Transaksi))
 6 SYSTEMPATH\CodeIgniter.php(351): CodeIgniter\CodeIgniter->handleRequest(null, Object(Config\Cache), false)
 7 FCPATH\index.php(67): CodeIgniter\CodeIgniter->run()
CRITICAL - 2022-12-16 21:01:57 --> Invalid file: transaksi/index.php
in SYSTEMPATH\Exceptions\FrameworkException.php on line 33.
 1 SYSTEMPATH\View\View.php(201): CodeIgniter\Exceptions\FrameworkException::forInvalidFile('transaksi/index.php')
 2 SYSTEMPATH\Common.php(1134): CodeIgniter\View\View->render('transaksi/index', [], true)
 3 APPPATH\Controllers\Transaksi.php(28): view('transaksi/index', [...])
 4 SYSTEMPATH\CodeIgniter.php(927): App\Controllers\Transaksi->index()
 5 SYSTEMPATH\CodeIgniter.php(482): CodeIgniter\CodeIgniter->runController(Object(App\Controllers\Transaksi))
 6 SYSTEMPATH\CodeIgniter.php(351): CodeIgniter\CodeIgniter->handleRequest(null, Object(Config\Cache), false)
 7 FCPATH\index.php(67): CodeIgniter\CodeIgniter->run()
CRITICAL - 2022-12-16 21:20:26 --> Attempt to read property "id" on null
in APPPATH\Views\shop\product.php on line 10.
 1 APPPATH\Views\shop\product.php(10): CodeIgniter\Debug\Exceptions->errorHandler(2, 'Attempt to read property "id" on null', 'APPPATH\\Views\\shop\\product.php', 10)
 2 SYSTEMPATH\View\View.php(213): include('APPPATH\\Views\\shop\\product.php')
 3 SYSTEMPATH\View\View.php(216): CodeIgniter\View\View->CodeIgniter\View\{closure}()
 4 SYSTEMPATH\Common.php(1134): CodeIgniter\View\View->render('shop/product', [], true)
 5 APPPATH\Controllers\shop.php(79): view('shop/product', [...])
 6 SYSTEMPATH\CodeIgniter.php(927): App\Controllers\Shop->product('home.html')
 7 SYSTEMPATH\CodeIgniter.php(482): CodeIgniter\CodeIgniter->runController(Object(App\Controllers\Shop))
 8 SYSTEMPATH\CodeIgniter.php(351): CodeIgniter\CodeIgniter->handleRequest(null, Object(Config\Cache), false)
 9 FCPATH\index.php(67): CodeIgniter\CodeIgniter->run()
CRITICAL - 2022-12-16 21:20:32 --> Attempt to read property "id" on null
in APPPATH\Views\shop\product.php on line 10.
 1 APPPATH\Views\shop\product.php(10): CodeIgniter\Debug\Exceptions->errorHandler(2, 'Attempt to read property "id" on null', 'APPPATH\\Views\\shop\\product.php', 10)
 2 SYSTEMPATH\View\View.php(213): include('APPPATH\\Views\\shop\\product.php')
 3 SYSTEMPATH\View\View.php(216): CodeIgniter\View\View->CodeIgniter\View\{closure}()
 4 SYSTEMPATH\Common.php(1134): CodeIgniter\View\View->render('shop/product', [], true)
 5 APPPATH\Controllers\shop.php(79): view('shop/product', [...])
 6 SYSTEMPATH\CodeIgniter.php(927): App\Controllers\Shop->product('home.html')
 7 SYSTEMPATH\CodeIgniter.php(482): CodeIgniter\CodeIgniter->runController(Object(App\Controllers\Shop))
 8 SYSTEMPATH\CodeIgniter.php(351): CodeIgniter\CodeIgniter->handleRequest(null, Object(Config\Cache), false)
 9 FCPATH\index.php(67): CodeIgniter\CodeIgniter->run()
ERROR - 2022-12-16 21:42:00 --> Error connecting to the database: mysqli_sql_exception: Access denied for user 'a111912339'@'localhost' (using password: YES) in C:\xampp\htdocs\toko2\vendor\codeigniter4\framework\system\Database\MySQLi\Connection.php:171
Stack trace:
#0 C:\xampp\htdocs\toko2\vendor\codeigniter4\framework\system\Database\MySQLi\Connection.php(171): mysqli->real_connect('localhost', 'a111912339', 'Endri123', 'toko_online', 3306, '', 0)
#1 C:\xampp\htdocs\toko2\vendor\codeigniter4\framework\system\Database\BaseConnection.php(382): CodeIgniter\Database\MySQLi\Connection->connect(false)
#2 C:\xampp\htdocs\toko2\vendor\codeigniter4\framework\system\Database\BaseConnection.php(561): CodeIgniter\Database\BaseConnection->initialize()
#3 C:\xampp\htdocs\toko2\vendor\codeigniter4\framework\system\Database\BaseBuilder.php(1585): CodeIgniter\Database\BaseConnection->query('SELECT *\nFROM `...', Array, false)
#4 C:\xampp\htdocs\toko2\vendor\codeigniter4\framework\system\Model.php(250): CodeIgniter\Database\BaseBuilder->get()
#5 C:\xampp\htdocs\toko2\vendor\codeigniter4\framework\system\BaseModel.php(623): CodeIgniter\Model->doFirst()
#6 C:\xampp\htdocs\toko2\app\Controllers\Auth.php(66): CodeIgniter\BaseModel->first()
#7 C:\xampp\htdocs\toko2\vendor\codeigniter4\framework\system\CodeIgniter.php(927): App\Controllers\Auth->login()
#8 C:\xampp\htdocs\toko2\vendor\codeigniter4\framework\system\CodeIgniter.php(482): CodeIgniter\CodeIgniter->runController(Object(App\Controllers\Auth))
#9 C:\xampp\htdocs\toko2\vendor\codeigniter4\framework\system\CodeIgniter.php(351): CodeIgniter\CodeIgniter->handleRequest(NULL, Object(Config\Cache), false)
#10 C:\xampp\htdocs\toko2\index.php(67): CodeIgniter\CodeIgniter->run()
#11 {main}

Next CodeIgniter\Database\Exceptions\DatabaseException: Access denied for user '****'@'localhost' (using password: YES) in C:\xampp\htdocs\toko2\vendor\codeigniter4\framework\system\Database\MySQLi\Connection.php:215
Stack trace:
#0 C:\xampp\htdocs\toko2\vendor\codeigniter4\framework\system\Database\BaseConnection.php(382): CodeIgniter\Database\MySQLi\Connection->connect(false)
#1 C:\xampp\htdocs\toko2\vendor\codeigniter4\framework\system\Database\BaseConnection.php(561): CodeIgniter\Database\BaseConnection->initialize()
#2 C:\xampp\htdocs\toko2\vendor\codeigniter4\framework\system\Database\BaseBuilder.php(1585): CodeIgniter\Database\BaseConnection->query('SELECT *\nFROM `...', Array, false)
#3 C:\xampp\htdocs\toko2\vendor\codeigniter4\framework\system\Model.php(250): CodeIgniter\Database\BaseBuilder->get()
#4 C:\xampp\htdocs\toko2\vendor\codeigniter4\framework\system\BaseModel.php(623): CodeIgniter\Model->doFirst()
#5 C:\xampp\htdocs\toko2\app\Controllers\Auth.php(66): CodeIgniter\BaseModel->first()
#6 C:\xampp\htdocs\toko2\vendor\codeigniter4\framework\system\CodeIgniter.php(927): App\Controllers\Auth->login()
#7 C:\xampp\htdocs\toko2\vendor\codeigniter4\framework\system\CodeIgniter.php(482): CodeIgniter\CodeIgniter->runController(Object(App\Controllers\Auth))
#8 C:\xampp\htdocs\toko2\vendor\codeigniter4\framework\system\CodeIgniter.php(351): CodeIgniter\CodeIgniter->handleRequest(NULL, Object(Config\Cache), false)
#9 C:\xampp\htdocs\toko2\index.php(67): CodeIgniter\CodeIgniter->run()
#10 {main}
CRITICAL - 2022-12-16 21:42:00 --> Unable to connect to the database.
Main connection [MySQLi]: Access denied for user '****'@'localhost' (using password: YES)
in SYSTEMPATH\Database\BaseConnection.php on line 418.
 1 SYSTEMPATH\Database\BaseConnection.php(561): CodeIgniter\Database\BaseConnection->initialize()
 2 SYSTEMPATH\Database\BaseBuilder.php(1585): CodeIgniter\Database\BaseConnection->query('SELECT *
FROM `user`
WHERE `username` = :username:
 LIMIT 1', [...], false)
 3 SYSTEMPATH\Model.php(250): CodeIgniter\Database\BaseBuilder->get()
 4 SYSTEMPATH\BaseModel.php(623): CodeIgniter\Model->doFirst()
 5 APPPATH\Controllers\Auth.php(66): CodeIgniter\BaseModel->first()
 6 SYSTEMPATH\CodeIgniter.php(927): App\Controllers\Auth->login()
 7 SYSTEMPATH\CodeIgniter.php(482): CodeIgniter\CodeIgniter->runController(Object(App\Controllers\Auth))
 8 SYSTEMPATH\CodeIgniter.php(351): CodeIgniter\CodeIgniter->handleRequest(null, Object(Config\Cache), false)
 9 FCPATH\index.php(67): CodeIgniter\CodeIgniter->run()
CRITICAL - 2022-12-16 21:48:45 --> Undefined variable $uri
in APPPATH\Views\components\header.php on line 70.
 1 APPPATH\Views\components\header.php(70): CodeIgniter\Debug\Exceptions->errorHandler(2, 'Undefined variable $uri', 'APPPATH\\Views\\components\\header.php', 70)
 2 SYSTEMPATH\View\View.php(213): include('APPPATH\\Views\\components\\header.php')
 3 SYSTEMPATH\View\View.php(216): CodeIgniter\View\View->CodeIgniter\View\{closure}()
 4 SYSTEMPATH\View\View.php(431): CodeIgniter\View\View->render('components/header', null, true)
 5 APPPATH\Views\layout.php(33): CodeIgniter\View\View->include('components/header')
 6 SYSTEMPATH\View\View.php(213): include('APPPATH\\Views\\layout.php')
 7 SYSTEMPATH\View\View.php(216): CodeIgniter\View\View->CodeIgniter\View\{closure}()
 8 SYSTEMPATH\View\View.php(229): CodeIgniter\View\View->render('layout', [], true)
 9 SYSTEMPATH\Common.php(1134): CodeIgniter\View\View->render('transaksi/index', [], true)
10 APPPATH\Controllers\Transaksi.php(28): view('transaksi/index', [...])
11 SYSTEMPATH\CodeIgniter.php(927): App\Controllers\Transaksi->index()
12 SYSTEMPATH\CodeIgniter.php(482): CodeIgniter\CodeIgniter->runController(Object(App\Controllers\Transaksi))
13 SYSTEMPATH\CodeIgniter.php(351): CodeIgniter\CodeIgniter->handleRequest(null, Object(Config\Cache), false)
14 FCPATH\index.php(67): CodeIgniter\CodeIgniter->run()
CRITICAL - 2022-12-16 21:49:43 --> Undefined variable $uri
in APPPATH\Views\components\header.php on line 70.
 1 APPPATH\Views\components\header.php(70): CodeIgniter\Debug\Exceptions->errorHandler(2, 'Undefined variable $uri', 'APPPATH\\Views\\components\\header.php', 70)
 2 SYSTEMPATH\View\View.php(213): include('APPPATH\\Views\\components\\header.php')
 3 SYSTEMPATH\View\View.php(216): CodeIgniter\View\View->CodeIgniter\View\{closure}()
 4 SYSTEMPATH\View\View.php(431): CodeIgniter\View\View->render('components/header', null, true)
 5 APPPATH\Views\layout.php(33): CodeIgniter\View\View->include('components/header')
 6 SYSTEMPATH\View\View.php(213): include('APPPATH\\Views\\layout.php')
 7 SYSTEMPATH\View\View.php(216): CodeIgniter\View\View->CodeIgniter\View\{closure}()
 8 SYSTEMPATH\View\View.php(229): CodeIgniter\View\View->render('layout', [], true)
 9 SYSTEMPATH\Common.php(1134): CodeIgniter\View\View->render('transaksi/index', [], true)
10 APPPATH\Controllers\Transaksi.php(28): view('transaksi/index', [...])
11 SYSTEMPATH\CodeIgniter.php(927): App\Controllers\Transaksi->index()
12 SYSTEMPATH\CodeIgniter.php(482): CodeIgniter\CodeIgniter->runController(Object(App\Controllers\Transaksi))
13 SYSTEMPATH\CodeIgniter.php(351): CodeIgniter\CodeIgniter->handleRequest(null, Object(Config\Cache), false)
14 FCPATH\index.php(67): CodeIgniter\CodeIgniter->run()
CRITICAL - 2022-12-16 21:49:44 --> Undefined variable $uri
in APPPATH\Views\components\header.php on line 70.
 1 APPPATH\Views\components\header.php(70): CodeIgniter\Debug\Exceptions->errorHandler(2, 'Undefined variable $uri', 'APPPATH\\Views\\components\\header.php', 70)
 2 SYSTEMPATH\View\View.php(213): include('APPPATH\\Views\\components\\header.php')
 3 SYSTEMPATH\View\View.php(216): CodeIgniter\View\View->CodeIgniter\View\{closure}()
 4 SYSTEMPATH\View\View.php(431): CodeIgniter\View\View->render('components/header', null, true)
 5 APPPATH\Views\layout.php(33): CodeIgniter\View\View->include('components/header')
 6 SYSTEMPATH\View\View.php(213): include('APPPATH\\Views\\layout.php')
 7 SYSTEMPATH\View\View.php(216): CodeIgniter\View\View->CodeIgniter\View\{closure}()
 8 SYSTEMPATH\View\View.php(229): CodeIgniter\View\View->render('layout', [], true)
 9 SYSTEMPATH\Common.php(1134): CodeIgniter\View\View->render('transaksi/index', [], true)
10 APPPATH\Controllers\Transaksi.php(28): view('transaksi/index', [...])
11 SYSTEMPATH\CodeIgniter.php(927): App\Controllers\Transaksi->index()
12 SYSTEMPATH\CodeIgniter.php(482): CodeIgniter\CodeIgniter->runController(Object(App\Controllers\Transaksi))
13 SYSTEMPATH\CodeIgniter.php(351): CodeIgniter\CodeIgniter->handleRequest(null, Object(Config\Cache), false)
14 FCPATH\index.php(67): CodeIgniter\CodeIgniter->run()
CRITICAL - 2022-12-16 21:49:44 --> Undefined variable $uri
in APPPATH\Views\components\header.php on line 70.
 1 APPPATH\Views\components\header.php(70): CodeIgniter\Debug\Exceptions->errorHandler(2, 'Undefined variable $uri', 'APPPATH\\Views\\components\\header.php', 70)
 2 SYSTEMPATH\View\View.php(213): include('APPPATH\\Views\\components\\header.php')
 3 SYSTEMPATH\View\View.php(216): CodeIgniter\View\View->CodeIgniter\View\{closure}()
 4 SYSTEMPATH\View\View.php(431): CodeIgniter\View\View->render('components/header', null, true)
 5 APPPATH\Views\layout.php(33): CodeIgniter\View\View->include('components/header')
 6 SYSTEMPATH\View\View.php(213): include('APPPATH\\Views\\layout.php')
 7 SYSTEMPATH\View\View.php(216): CodeIgniter\View\View->CodeIgniter\View\{closure}()
 8 SYSTEMPATH\View\View.php(229): CodeIgniter\View\View->render('layout', [], true)
 9 SYSTEMPATH\Common.php(1134): CodeIgniter\View\View->render('transaksi/index', [], true)
10 APPPATH\Controllers\Transaksi.php(28): view('transaksi/index', [...])
11 SYSTEMPATH\CodeIgniter.php(927): App\Controllers\Transaksi->index()
12 SYSTEMPATH\CodeIgniter.php(482): CodeIgniter\CodeIgniter->runController(Object(App\Controllers\Transaksi))
13 SYSTEMPATH\CodeIgniter.php(351): CodeIgniter\CodeIgniter->handleRequest(null, Object(Config\Cache), false)
14 FCPATH\index.php(67): CodeIgniter\CodeIgniter->run()
CRITICAL - 2022-12-16 21:49:51 --> Undefined variable $uri
in APPPATH\Views\components\header.php on line 70.
 1 APPPATH\Views\components\header.php(70): CodeIgniter\Debug\Exceptions->errorHandler(2, 'Undefined variable $uri', 'APPPATH\\Views\\components\\header.php', 70)
 2 SYSTEMPATH\View\View.php(213): include('APPPATH\\Views\\components\\header.php')
 3 SYSTEMPATH\View\View.php(216): CodeIgniter\View\View->CodeIgniter\View\{closure}()
 4 SYSTEMPATH\View\View.php(431): CodeIgniter\View\View->render('components/header', null, true)
 5 APPPATH\Views\layout.php(33): CodeIgniter\View\View->include('components/header')
 6 SYSTEMPATH\View\View.php(213): include('APPPATH\\Views\\layout.php')
 7 SYSTEMPATH\View\View.php(216): CodeIgniter\View\View->CodeIgniter\View\{closure}()
 8 SYSTEMPATH\View\View.php(229): CodeIgniter\View\View->render('layout', [], true)
 9 SYSTEMPATH\Common.php(1134): CodeIgniter\View\View->render('transaksi/index', [], true)
10 APPPATH\Controllers\Transaksi.php(28): view('transaksi/index', [...])
11 SYSTEMPATH\CodeIgniter.php(927): App\Controllers\Transaksi->index()
12 SYSTEMPATH\CodeIgniter.php(482): CodeIgniter\CodeIgniter->runController(Object(App\Controllers\Transaksi))
13 SYSTEMPATH\CodeIgniter.php(351): CodeIgniter\CodeIgniter->handleRequest(null, Object(Config\Cache), false)
14 FCPATH\index.php(67): CodeIgniter\CodeIgniter->run()
CRITICAL - 2022-12-16 21:49:55 --> Undefined variable $uri
in APPPATH\Views\components\header.php on line 70.
 1 APPPATH\Views\components\header.php(70): CodeIgniter\Debug\Exceptions->errorHandler(2, 'Undefined variable $uri', 'APPPATH\\Views\\components\\header.php', 70)
 2 SYSTEMPATH\View\View.php(213): include('APPPATH\\Views\\components\\header.php')
 3 SYSTEMPATH\View\View.php(216): CodeIgniter\View\View->CodeIgniter\View\{closure}()
 4 SYSTEMPATH\View\View.php(431): CodeIgniter\View\View->render('components/header', null, true)
 5 APPPATH\Views\layout.php(33): CodeIgniter\View\View->include('components/header')
 6 SYSTEMPATH\View\View.php(213): include('APPPATH\\Views\\layout.php')
 7 SYSTEMPATH\View\View.php(216): CodeIgniter\View\View->CodeIgniter\View\{closure}()
 8 SYSTEMPATH\View\View.php(229): CodeIgniter\View\View->render('layout', [], true)
 9 SYSTEMPATH\Common.php(1134): CodeIgniter\View\View->render('home', [], true)
10 APPPATH\Controllers\Home.php(9): view('home')
11 SYSTEMPATH\CodeIgniter.php(927): App\Controllers\Home->index()
12 SYSTEMPATH\CodeIgniter.php(482): CodeIgniter\CodeIgniter->runController(Object(App\Controllers\Home))
13 SYSTEMPATH\CodeIgniter.php(351): CodeIgniter\CodeIgniter->handleRequest(null, Object(Config\Cache), false)
14 FCPATH\index.php(67): CodeIgniter\CodeIgniter->run()
CRITICAL - 2022-12-16 21:51:34 --> Undefined variable $uri
in APPPATH\Views\components\header.php on line 70.
 1 APPPATH\Views\components\header.php(70): CodeIgniter\Debug\Exceptions->errorHandler(2, 'Undefined variable $uri', 'APPPATH\\Views\\components\\header.php', 70)
 2 SYSTEMPATH\View\View.php(213): include('APPPATH\\Views\\components\\header.php')
 3 SYSTEMPATH\View\View.php(216): CodeIgniter\View\View->CodeIgniter\View\{closure}()
 4 SYSTEMPATH\View\View.php(431): CodeIgniter\View\View->render('components/header', null, true)
 5 APPPATH\Views\layout.php(33): CodeIgniter\View\View->include('components/header')
 6 SYSTEMPATH\View\View.php(213): include('APPPATH\\Views\\layout.php')
 7 SYSTEMPATH\View\View.php(216): CodeIgniter\View\View->CodeIgniter\View\{closure}()
 8 SYSTEMPATH\View\View.php(229): CodeIgniter\View\View->render('layout', [], true)
 9 SYSTEMPATH\Common.php(1134): CodeIgniter\View\View->render('home', [], true)
10 APPPATH\Controllers\Home.php(9): view('home')
11 SYSTEMPATH\CodeIgniter.php(927): App\Controllers\Home->index()
12 SYSTEMPATH\CodeIgniter.php(482): CodeIgniter\CodeIgniter->runController(Object(App\Controllers\Home))
13 SYSTEMPATH\CodeIgniter.php(351): CodeIgniter\CodeIgniter->handleRequest(null, Object(Config\Cache), false)
14 FCPATH\index.php(67): CodeIgniter\CodeIgniter->run()
CRITICAL - 2022-12-16 21:51:35 --> Undefined variable $uri
in APPPATH\Views\components\header.php on line 70.
 1 APPPATH\Views\components\header.php(70): CodeIgniter\Debug\Exceptions->errorHandler(2, 'Undefined variable $uri', 'APPPATH\\Views\\components\\header.php', 70)
 2 SYSTEMPATH\View\View.php(213): include('APPPATH\\Views\\components\\header.php')
 3 SYSTEMPATH\View\View.php(216): CodeIgniter\View\View->CodeIgniter\View\{closure}()
 4 SYSTEMPATH\View\View.php(431): CodeIgniter\View\View->render('components/header', null, true)
 5 APPPATH\Views\layout.php(33): CodeIgniter\View\View->include('components/header')
 6 SYSTEMPATH\View\View.php(213): include('APPPATH\\Views\\layout.php')
 7 SYSTEMPATH\View\View.php(216): CodeIgniter\View\View->CodeIgniter\View\{closure}()
 8 SYSTEMPATH\View\View.php(229): CodeIgniter\View\View->render('layout', [], true)
 9 SYSTEMPATH\Common.php(1134): CodeIgniter\View\View->render('home', [], true)
10 APPPATH\Controllers\Home.php(9): view('home')
11 SYSTEMPATH\CodeIgniter.php(927): App\Controllers\Home->index()
12 SYSTEMPATH\CodeIgniter.php(482): CodeIgniter\CodeIgniter->runController(Object(App\Controllers\Home))
13 SYSTEMPATH\CodeIgniter.php(351): CodeIgniter\CodeIgniter->handleRequest(null, Object(Config\Cache), false)
14 FCPATH\index.php(67): CodeIgniter\CodeIgniter->run()
CRITICAL - 2022-12-16 21:51:35 --> Undefined variable $uri
in APPPATH\Views\components\header.php on line 70.
 1 APPPATH\Views\components\header.php(70): CodeIgniter\Debug\Exceptions->errorHandler(2, 'Undefined variable $uri', 'APPPATH\\Views\\components\\header.php', 70)
 2 SYSTEMPATH\View\View.php(213): include('APPPATH\\Views\\components\\header.php')
 3 SYSTEMPATH\View\View.php(216): CodeIgniter\View\View->CodeIgniter\View\{closure}()
 4 SYSTEMPATH\View\View.php(431): CodeIgniter\View\View->render('components/header', null, true)
 5 APPPATH\Views\layout.php(33): CodeIgniter\View\View->include('components/header')
 6 SYSTEMPATH\View\View.php(213): include('APPPATH\\Views\\layout.php')
 7 SYSTEMPATH\View\View.php(216): CodeIgniter\View\View->CodeIgniter\View\{closure}()
 8 SYSTEMPATH\View\View.php(229): CodeIgniter\View\View->render('layout', [], true)
 9 SYSTEMPATH\Common.php(1134): CodeIgniter\View\View->render('home', [], true)
10 APPPATH\Controllers\Home.php(9): view('home')
11 SYSTEMPATH\CodeIgniter.php(927): App\Controllers\Home->index()
12 SYSTEMPATH\CodeIgniter.php(482): CodeIgniter\CodeIgniter->runController(Object(App\Controllers\Home))
13 SYSTEMPATH\CodeIgniter.php(351): CodeIgniter\CodeIgniter->handleRequest(null, Object(Config\Cache), false)
14 FCPATH\index.php(67): CodeIgniter\CodeIgniter->run()
CRITICAL - 2022-12-16 21:51:35 --> Undefined variable $uri
in APPPATH\Views\components\header.php on line 70.
 1 APPPATH\Views\components\header.php(70): CodeIgniter\Debug\Exceptions->errorHandler(2, 'Undefined variable $uri', 'APPPATH\\Views\\components\\header.php', 70)
 2 SYSTEMPATH\View\View.php(213): include('APPPATH\\Views\\components\\header.php')
 3 SYSTEMPATH\View\View.php(216): CodeIgniter\View\View->CodeIgniter\View\{closure}()
 4 SYSTEMPATH\View\View.php(431): CodeIgniter\View\View->render('components/header', null, true)
 5 APPPATH\Views\layout.php(33): CodeIgniter\View\View->include('components/header')
 6 SYSTEMPATH\View\View.php(213): include('APPPATH\\Views\\layout.php')
 7 SYSTEMPATH\View\View.php(216): CodeIgniter\View\View->CodeIgniter\View\{closure}()
 8 SYSTEMPATH\View\View.php(229): CodeIgniter\View\View->render('layout', [], true)
 9 SYSTEMPATH\Common.php(1134): CodeIgniter\View\View->render('home', [], true)
10 APPPATH\Controllers\Home.php(9): view('home')
11 SYSTEMPATH\CodeIgniter.php(927): App\Controllers\Home->index()
12 SYSTEMPATH\CodeIgniter.php(482): CodeIgniter\CodeIgniter->runController(Object(App\Controllers\Home))
13 SYSTEMPATH\CodeIgniter.php(351): CodeIgniter\CodeIgniter->handleRequest(null, Object(Config\Cache), false)
14 FCPATH\index.php(67): CodeIgniter\CodeIgniter->run()
CRITICAL - 2022-12-16 21:51:35 --> Undefined variable $uri
in APPPATH\Views\components\header.php on line 70.
 1 APPPATH\Views\components\header.php(70): CodeIgniter\Debug\Exceptions->errorHandler(2, 'Undefined variable $uri', 'APPPATH\\Views\\components\\header.php', 70)
 2 SYSTEMPATH\View\View.php(213): include('APPPATH\\Views\\components\\header.php')
 3 SYSTEMPATH\View\View.php(216): CodeIgniter\View\View->CodeIgniter\View\{closure}()
 4 SYSTEMPATH\View\View.php(431): CodeIgniter\View\View->render('components/header', null, true)
 5 APPPATH\Views\layout.php(33): CodeIgniter\View\View->include('components/header')
 6 SYSTEMPATH\View\View.php(213): include('APPPATH\\Views\\layout.php')
 7 SYSTEMPATH\View\View.php(216): CodeIgniter\View\View->CodeIgniter\View\{closure}()
 8 SYSTEMPATH\View\View.php(229): CodeIgniter\View\View->render('layout', [], true)
 9 SYSTEMPATH\Common.php(1134): CodeIgniter\View\View->render('home', [], true)
10 APPPATH\Controllers\Home.php(9): view('home')
11 SYSTEMPATH\CodeIgniter.php(927): App\Controllers\Home->index()
12 SYSTEMPATH\CodeIgniter.php(482): CodeIgniter\CodeIgniter->runController(Object(App\Controllers\Home))
13 SYSTEMPATH\CodeIgniter.php(351): CodeIgniter\CodeIgniter->handleRequest(null, Object(Config\Cache), false)
14 FCPATH\index.php(67): CodeIgniter\CodeIgniter->run()
CRITICAL - 2022-12-16 21:51:35 --> Undefined variable $uri
in APPPATH\Views\components\header.php on line 70.
 1 APPPATH\Views\components\header.php(70): CodeIgniter\Debug\Exceptions->errorHandler(2, 'Undefined variable $uri', 'APPPATH\\Views\\components\\header.php', 70)
 2 SYSTEMPATH\View\View.php(213): include('APPPATH\\Views\\components\\header.php')
 3 SYSTEMPATH\View\View.php(216): CodeIgniter\View\View->CodeIgniter\View\{closure}()
 4 SYSTEMPATH\View\View.php(431): CodeIgniter\View\View->render('components/header', null, true)
 5 APPPATH\Views\layout.php(33): CodeIgniter\View\View->include('components/header')
 6 SYSTEMPATH\View\View.php(213): include('APPPATH\\Views\\layout.php')
 7 SYSTEMPATH\View\View.php(216): CodeIgniter\View\View->CodeIgniter\View\{closure}()
 8 SYSTEMPATH\View\View.php(229): CodeIgniter\View\View->render('layout', [], true)
 9 SYSTEMPATH\Common.php(1134): CodeIgniter\View\View->render('home', [], true)
10 APPPATH\Controllers\Home.php(9): view('home')
11 SYSTEMPATH\CodeIgniter.php(927): App\Controllers\Home->index()
12 SYSTEMPATH\CodeIgniter.php(482): CodeIgniter\CodeIgniter->runController(Object(App\Controllers\Home))
13 SYSTEMPATH\CodeIgniter.php(351): CodeIgniter\CodeIgniter->handleRequest(null, Object(Config\Cache), false)
14 FCPATH\index.php(67): CodeIgniter\CodeIgniter->run()
CRITICAL - 2022-12-16 21:51:36 --> Undefined variable $uri
in APPPATH\Views\components\header.php on line 70.
 1 APPPATH\Views\components\header.php(70): CodeIgniter\Debug\Exceptions->errorHandler(2, 'Undefined variable $uri', 'APPPATH\\Views\\components\\header.php', 70)
 2 SYSTEMPATH\View\View.php(213): include('APPPATH\\Views\\components\\header.php')
 3 SYSTEMPATH\View\View.php(216): CodeIgniter\View\View->CodeIgniter\View\{closure}()
 4 SYSTEMPATH\View\View.php(431): CodeIgniter\View\View->render('components/header', null, true)
 5 APPPATH\Views\layout.php(33): CodeIgniter\View\View->include('components/header')
 6 SYSTEMPATH\View\View.php(213): include('APPPATH\\Views\\layout.php')
 7 SYSTEMPATH\View\View.php(216): CodeIgniter\View\View->CodeIgniter\View\{closure}()
 8 SYSTEMPATH\View\View.php(229): CodeIgniter\View\View->render('layout', [], true)
 9 SYSTEMPATH\Common.php(1134): CodeIgniter\View\View->render('home', [], true)
10 APPPATH\Controllers\Home.php(9): view('home')
11 SYSTEMPATH\CodeIgniter.php(927): App\Controllers\Home->index()
12 SYSTEMPATH\CodeIgniter.php(482): CodeIgniter\CodeIgniter->runController(Object(App\Controllers\Home))
13 SYSTEMPATH\CodeIgniter.php(351): CodeIgniter\CodeIgniter->handleRequest(null, Object(Config\Cache), false)
14 FCPATH\index.php(67): CodeIgniter\CodeIgniter->run()
CRITICAL - 2022-12-16 21:52:38 --> Undefined variable $uri
in APPPATH\Views\components\header.php on line 70.
 1 APPPATH\Views\components\header.php(70): CodeIgniter\Debug\Exceptions->errorHandler(2, 'Undefined variable $uri', 'APPPATH\\Views\\components\\header.php', 70)
 2 SYSTEMPATH\View\View.php(213): include('APPPATH\\Views\\components\\header.php')
 3 SYSTEMPATH\View\View.php(216): CodeIgniter\View\View->CodeIgniter\View\{closure}()
 4 SYSTEMPATH\View\View.php(431): CodeIgniter\View\View->render('components/header', null, true)
 5 APPPATH\Views\layout.php(33): CodeIgniter\View\View->include('components/header')
 6 SYSTEMPATH\View\View.php(213): include('APPPATH\\Views\\layout.php')
 7 SYSTEMPATH\View\View.php(216): CodeIgniter\View\View->CodeIgniter\View\{closure}()
 8 SYSTEMPATH\View\View.php(229): CodeIgniter\View\View->render('layout', [], true)
 9 SYSTEMPATH\Common.php(1134): CodeIgniter\View\View->render('home', [], true)
10 APPPATH\Controllers\Home.php(9): view('home')
11 SYSTEMPATH\CodeIgniter.php(927): App\Controllers\Home->index()
12 SYSTEMPATH\CodeIgniter.php(482): CodeIgniter\CodeIgniter->runController(Object(App\Controllers\Home))
13 SYSTEMPATH\CodeIgniter.php(351): CodeIgniter\CodeIgniter->handleRequest(null, Object(Config\Cache), false)
14 FCPATH\index.php(67): CodeIgniter\CodeIgniter->run()
CRITICAL - 2022-12-16 21:52:38 --> Undefined variable $uri
in APPPATH\Views\components\header.php on line 70.
 1 APPPATH\Views\components\header.php(70): CodeIgniter\Debug\Exceptions->errorHandler(2, 'Undefined variable $uri', 'APPPATH\\Views\\components\\header.php', 70)
 2 SYSTEMPATH\View\View.php(213): include('APPPATH\\Views\\components\\header.php')
 3 SYSTEMPATH\View\View.php(216): CodeIgniter\View\View->CodeIgniter\View\{closure}()
 4 SYSTEMPATH\View\View.php(431): CodeIgniter\View\View->render('components/header', null, true)
 5 APPPATH\Views\layout.php(33): CodeIgniter\View\View->include('components/header')
 6 SYSTEMPATH\View\View.php(213): include('APPPATH\\Views\\layout.php')
 7 SYSTEMPATH\View\View.php(216): CodeIgniter\View\View->CodeIgniter\View\{closure}()
 8 SYSTEMPATH\View\View.php(229): CodeIgniter\View\View->render('layout', [], true)
 9 SYSTEMPATH\Common.php(1134): CodeIgniter\View\View->render('home', [], true)
10 APPPATH\Controllers\Home.php(9): view('home')
11 SYSTEMPATH\CodeIgniter.php(927): App\Controllers\Home->index()
12 SYSTEMPATH\CodeIgniter.php(482): CodeIgniter\CodeIgniter->runController(Object(App\Controllers\Home))
13 SYSTEMPATH\CodeIgniter.php(351): CodeIgniter\CodeIgniter->handleRequest(null, Object(Config\Cache), false)
14 FCPATH\index.php(67): CodeIgniter\CodeIgniter->run()
CRITICAL - 2022-12-16 21:52:39 --> Undefined variable $uri
in APPPATH\Views\components\header.php on line 70.
 1 APPPATH\Views\components\header.php(70): CodeIgniter\Debug\Exceptions->errorHandler(2, 'Undefined variable $uri', 'APPPATH\\Views\\components\\header.php', 70)
 2 SYSTEMPATH\View\View.php(213): include('APPPATH\\Views\\components\\header.php')
 3 SYSTEMPATH\View\View.php(216): CodeIgniter\View\View->CodeIgniter\View\{closure}()
 4 SYSTEMPATH\View\View.php(431): CodeIgniter\View\View->render('components/header', null, true)
 5 APPPATH\Views\layout.php(33): CodeIgniter\View\View->include('components/header')
 6 SYSTEMPATH\View\View.php(213): include('APPPATH\\Views\\layout.php')
 7 SYSTEMPATH\View\View.php(216): CodeIgniter\View\View->CodeIgniter\View\{closure}()
 8 SYSTEMPATH\View\View.php(229): CodeIgniter\View\View->render('layout', [], true)
 9 SYSTEMPATH\Common.php(1134): CodeIgniter\View\View->render('home', [], true)
10 APPPATH\Controllers\Home.php(9): view('home')
11 SYSTEMPATH\CodeIgniter.php(927): App\Controllers\Home->index()
12 SYSTEMPATH\CodeIgniter.php(482): CodeIgniter\CodeIgniter->runController(Object(App\Controllers\Home))
13 SYSTEMPATH\CodeIgniter.php(351): CodeIgniter\CodeIgniter->handleRequest(null, Object(Config\Cache), false)
14 FCPATH\index.php(67): CodeIgniter\CodeIgniter->run()
CRITICAL - 2022-12-16 21:56:31 --> Undefined variable $uri
in APPPATH\Views\components\header.php on line 68.
 1 APPPATH\Views\components\header.php(68): CodeIgniter\Debug\Exceptions->errorHandler(2, 'Undefined variable $uri', 'APPPATH\\Views\\components\\header.php', 68)
 2 SYSTEMPATH\View\View.php(213): include('APPPATH\\Views\\components\\header.php')
 3 SYSTEMPATH\View\View.php(216): CodeIgniter\View\View->CodeIgniter\View\{closure}()
 4 SYSTEMPATH\View\View.php(431): CodeIgniter\View\View->render('components/header', null, true)
 5 APPPATH\Views\layout.php(33): CodeIgniter\View\View->include('components/header')
 6 SYSTEMPATH\View\View.php(213): include('APPPATH\\Views\\layout.php')
 7 SYSTEMPATH\View\View.php(216): CodeIgniter\View\View->CodeIgniter\View\{closure}()
 8 SYSTEMPATH\View\View.php(229): CodeIgniter\View\View->render('layout', [], true)
 9 SYSTEMPATH\Common.php(1134): CodeIgniter\View\View->render('home', [], true)
10 APPPATH\Controllers\Home.php(9): view('home')
11 SYSTEMPATH\CodeIgniter.php(927): App\Controllers\Home->index()
12 SYSTEMPATH\CodeIgniter.php(482): CodeIgniter\CodeIgniter->runController(Object(App\Controllers\Home))
13 SYSTEMPATH\CodeIgniter.php(351): CodeIgniter\CodeIgniter->handleRequest(null, Object(Config\Cache), false)
14 FCPATH\index.php(67): CodeIgniter\CodeIgniter->run()
CRITICAL - 2022-12-16 21:56:59 --> Undefined variable $uri
in APPPATH\Views\components\header.php on line 68.
 1 APPPATH\Views\components\header.php(68): CodeIgniter\Debug\Exceptions->errorHandler(2, 'Undefined variable $uri', 'APPPATH\\Views\\components\\header.php', 68)
 2 SYSTEMPATH\View\View.php(213): include('APPPATH\\Views\\components\\header.php')
 3 SYSTEMPATH\View\View.php(216): CodeIgniter\View\View->CodeIgniter\View\{closure}()
 4 SYSTEMPATH\View\View.php(431): CodeIgniter\View\View->render('components/header', null, true)
 5 APPPATH\Views\layout.php(33): CodeIgniter\View\View->include('components/header')
 6 SYSTEMPATH\View\View.php(213): include('APPPATH\\Views\\layout.php')
 7 SYSTEMPATH\View\View.php(216): CodeIgniter\View\View->CodeIgniter\View\{closure}()
 8 SYSTEMPATH\View\View.php(229): CodeIgniter\View\View->render('layout', [], true)
 9 SYSTEMPATH\Common.php(1134): CodeIgniter\View\View->render('home', [], true)
10 APPPATH\Controllers\Home.php(9): view('home')
11 SYSTEMPATH\CodeIgniter.php(927): App\Controllers\Home->index()
12 SYSTEMPATH\CodeIgniter.php(482): CodeIgniter\CodeIgniter->runController(Object(App\Controllers\Home))
13 SYSTEMPATH\CodeIgniter.php(351): CodeIgniter\CodeIgniter->handleRequest(null, Object(Config\Cache), false)
14 FCPATH\index.php(67): CodeIgniter\CodeIgniter->run()
CRITICAL - 2022-12-16 21:57:30 --> Undefined variable $uri
in APPPATH\Views\components\header.php on line 68.
 1 APPPATH\Views\components\header.php(68): CodeIgniter\Debug\Exceptions->errorHandler(2, 'Undefined variable $uri', 'APPPATH\\Views\\components\\header.php', 68)
 2 SYSTEMPATH\View\View.php(213): include('APPPATH\\Views\\components\\header.php')
 3 SYSTEMPATH\View\View.php(216): CodeIgniter\View\View->CodeIgniter\View\{closure}()
 4 SYSTEMPATH\View\View.php(431): CodeIgniter\View\View->render('components/header', null, true)
 5 APPPATH\Views\layout.php(33): CodeIgniter\View\View->include('components/header')
 6 SYSTEMPATH\View\View.php(213): include('APPPATH\\Views\\layout.php')
 7 SYSTEMPATH\View\View.php(216): CodeIgniter\View\View->CodeIgniter\View\{closure}()
 8 SYSTEMPATH\View\View.php(229): CodeIgniter\View\View->render('layout', [], true)
 9 SYSTEMPATH\Common.php(1134): CodeIgniter\View\View->render('home', [], true)
10 APPPATH\Controllers\Home.php(9): view('home')
11 SYSTEMPATH\CodeIgniter.php(927): App\Controllers\Home->index()
12 SYSTEMPATH\CodeIgniter.php(482): CodeIgniter\CodeIgniter->runController(Object(App\Controllers\Home))
13 SYSTEMPATH\CodeIgniter.php(351): CodeIgniter\CodeIgniter->handleRequest(null, Object(Config\Cache), false)
14 FCPATH\index.php(67): CodeIgniter\CodeIgniter->run()
CRITICAL - 2022-12-16 21:59:10 --> Undefined variable $uri
in APPPATH\Views\components\header.php on line 68.
 1 APPPATH\Views\components\header.php(68): CodeIgniter\Debug\Exceptions->errorHandler(2, 'Undefined variable $uri', 'APPPATH\\Views\\components\\header.php', 68)
 2 SYSTEMPATH\View\View.php(213): include('APPPATH\\Views\\components\\header.php')
 3 SYSTEMPATH\View\View.php(216): CodeIgniter\View\View->CodeIgniter\View\{closure}()
 4 SYSTEMPATH\View\View.php(431): CodeIgniter\View\View->render('components/header', null, true)
 5 APPPATH\Views\layout.php(33): CodeIgniter\View\View->include('components/header')
 6 SYSTEMPATH\View\View.php(213): include('APPPATH\\Views\\layout.php')
 7 SYSTEMPATH\View\View.php(216): CodeIgniter\View\View->CodeIgniter\View\{closure}()
 8 SYSTEMPATH\View\View.php(229): CodeIgniter\View\View->render('layout', [], true)
 9 SYSTEMPATH\Common.php(1134): CodeIgniter\View\View->render('home', [], true)
10 APPPATH\Controllers\Home.php(9): view('home')
11 SYSTEMPATH\CodeIgniter.php(927): App\Controllers\Home->index()
12 SYSTEMPATH\CodeIgniter.php(482): CodeIgniter\CodeIgniter->runController(Object(App\Controllers\Home))
13 SYSTEMPATH\CodeIgniter.php(351): CodeIgniter\CodeIgniter->handleRequest(null, Object(Config\Cache), false)
14 FCPATH\index.php(67): CodeIgniter\CodeIgniter->run()
CRITICAL - 2022-12-16 21:59:11 --> Undefined variable $uri
in APPPATH\Views\components\header.php on line 68.
 1 APPPATH\Views\components\header.php(68): CodeIgniter\Debug\Exceptions->errorHandler(2, 'Undefined variable $uri', 'APPPATH\\Views\\components\\header.php', 68)
 2 SYSTEMPATH\View\View.php(213): include('APPPATH\\Views\\components\\header.php')
 3 SYSTEMPATH\View\View.php(216): CodeIgniter\View\View->CodeIgniter\View\{closure}()
 4 SYSTEMPATH\View\View.php(431): CodeIgniter\View\View->render('components/header', null, true)
 5 APPPATH\Views\layout.php(33): CodeIgniter\View\View->include('components/header')
 6 SYSTEMPATH\View\View.php(213): include('APPPATH\\Views\\layout.php')
 7 SYSTEMPATH\View\View.php(216): CodeIgniter\View\View->CodeIgniter\View\{closure}()
 8 SYSTEMPATH\View\View.php(229): CodeIgniter\View\View->render('layout', [], true)
 9 SYSTEMPATH\Common.php(1134): CodeIgniter\View\View->render('home', [], true)
10 APPPATH\Controllers\Home.php(9): view('home')
11 SYSTEMPATH\CodeIgniter.php(927): App\Controllers\Home->index()
12 SYSTEMPATH\CodeIgniter.php(482): CodeIgniter\CodeIgniter->runController(Object(App\Controllers\Home))
13 SYSTEMPATH\CodeIgniter.php(351): CodeIgniter\CodeIgniter->handleRequest(null, Object(Config\Cache), false)
14 FCPATH\index.php(67): CodeIgniter\CodeIgniter->run()
CRITICAL - 2022-12-16 21:59:11 --> Undefined variable $uri
in APPPATH\Views\components\header.php on line 68.
 1 APPPATH\Views\components\header.php(68): CodeIgniter\Debug\Exceptions->errorHandler(2, 'Undefined variable $uri', 'APPPATH\\Views\\components\\header.php', 68)
 2 SYSTEMPATH\View\View.php(213): include('APPPATH\\Views\\components\\header.php')
 3 SYSTEMPATH\View\View.php(216): CodeIgniter\View\View->CodeIgniter\View\{closure}()
 4 SYSTEMPATH\View\View.php(431): CodeIgniter\View\View->render('components/header', null, true)
 5 APPPATH\Views\layout.php(33): CodeIgniter\View\View->include('components/header')
 6 SYSTEMPATH\View\View.php(213): include('APPPATH\\Views\\layout.php')
 7 SYSTEMPATH\View\View.php(216): CodeIgniter\View\View->CodeIgniter\View\{closure}()
 8 SYSTEMPATH\View\View.php(229): CodeIgniter\View\View->render('layout', [], true)
 9 SYSTEMPATH\Common.php(1134): CodeIgniter\View\View->render('home', [], true)
10 APPPATH\Controllers\Home.php(9): view('home')
11 SYSTEMPATH\CodeIgniter.php(927): App\Controllers\Home->index()
12 SYSTEMPATH\CodeIgniter.php(482): CodeIgniter\CodeIgniter->runController(Object(App\Controllers\Home))
13 SYSTEMPATH\CodeIgniter.php(351): CodeIgniter\CodeIgniter->handleRequest(null, Object(Config\Cache), false)
14 FCPATH\index.php(67): CodeIgniter\CodeIgniter->run()
